2022-04-04 15:20:30,017 [Worker-5: Loading available Gradle versions] INFO  o.e.b.c.i.u.g.PublishedGradleVersions - Gradle version information cache is out-of-date. Trying to update.
2022-04-04 15:25:00,017 [Worker-7: Import Getting Started Content] INFO  o.e.m.c.i.l.LifecycleMappingFactory - Using org.eclipse.m2e.jdt.JarLifecycleMapping lifecycle mapping for MavenProject: com.gitDeveloper3:employment-managaement-system:0.0.1-SNAPSHOT @ /home/dev/Documents/workspace-spring-tool-suite-4-4.14.0.RELEASE/employment-managaement-system/pom.xml.
2022-04-04 15:25:11,925 [Worker-7: Import Getting Started Content] INFO  o.e.m.j.i.AbstractJavaProjectConfigurator - Adding source folder /employment-managaement-system/src/main/java
2022-04-04 15:25:11,926 [Worker-7: Import Getting Started Content] INFO  o.e.m.j.i.AbstractJavaProjectConfigurator - Adding resource folder /employment-managaement-system/src/main/resources
2022-04-04 15:25:11,928 [Worker-7: Import Getting Started Content] INFO  o.e.m.j.i.AbstractJavaProjectConfigurator - Adding resource folder /employment-managaement-system/src/main/resources
2022-04-04 15:25:11,932 [Worker-7: Import Getting Started Content] INFO  o.e.m.j.i.AbstractJavaProjectConfigurator - Adding source folder /employment-managaement-system/src/test/java
2022-04-04 15:25:24,404 [Worker-7: Import Getting Started Content] INFO  o.e.m.c.i.p.ProjectConfigurationManager - Imported and configured 1 project(s) in 30 sec
2022-04-04 15:25:24,409 [Worker-7: Import Getting Started Content] INFO  o.e.m.c.i.p.ProjectConfigurationManager - Update started
2022-04-04 15:25:24,824 [Worker-7: Import Getting Started Content] INFO  o.e.m.c.i.l.LifecycleMappingFactory - Using org.eclipse.m2e.jdt.JarLifecycleMapping lifecycle mapping for MavenProject: com.gitDeveloper3:employment-managaement-system:0.0.1-SNAPSHOT @ /home/dev/Documents/workspace-spring-tool-suite-4-4.14.0.RELEASE/employment-managaement-system/pom.xml.
2022-04-04 15:25:25,278 [Worker-7: Import Getting Started Content] INFO  o.e.m.j.i.AbstractJavaProjectConfigurator - Adding source folder /employment-managaement-system/src/main/java
2022-04-04 15:25:25,279 [Worker-7: Import Getting Started Content] INFO  o.e.m.j.i.AbstractJavaProjectConfigurator - Adding resource folder /employment-managaement-system/src/main/resources
2022-04-04 15:25:25,279 [Worker-7: Import Getting Started Content] INFO  o.e.m.j.i.AbstractJavaProjectConfigurator - Adding resource folder /employment-managaement-system/src/main/resources
2022-04-04 15:25:25,281 [Worker-7: Import Getting Started Content] INFO  o.e.m.j.i.AbstractJavaProjectConfigurator - Adding source folder /employment-managaement-system/src/test/java
2022-04-04 15:25:26,179 [Worker-7: Import Getting Started Content] INFO  o.e.m.c.i.p.ProjectConfigurationManager - Update completed: 1 sec
2022-04-04 15:25:27,247 [Worker-3: Building] INFO  o.e.m.c.i.embedder.EclipseLogger - Using 'UTF-8' encoding to copy filtered resources.
2022-04-04 15:25:27,247 [Worker-3: Building] INFO  o.e.m.c.i.embedder.EclipseLogger - Using 'UTF-8' encoding to copy filtered properties files.
2022-04-04 15:25:27,252 [Worker-3: Building] INFO  o.e.m.c.i.embedder.EclipseLogger - Copying 1 resource
2022-04-04 15:25:27,294 [Worker-3: Building] INFO  o.e.m.c.i.embedder.EclipseLogger - Copying 0 resource
2022-04-04 15:25:27,299 [Worker-3: Building] INFO  o.e.m.c.i.embedder.EclipseLogger - Using 'UTF-8' encoding to copy filtered resources.
2022-04-04 15:25:27,299 [Worker-3: Building] INFO  o.e.m.c.i.embedder.EclipseLogger - Using 'UTF-8' encoding to copy filtered properties files.
2022-04-04 15:25:27,299 [Worker-3: Building] INFO  o.e.m.c.i.embedder.EclipseLogger - skip non existing resourceDirectory /home/dev/Documents/workspace-spring-tool-suite-4-4.14.0.RELEASE/employment-managaement-system/src/test/resources
2022-04-04 15:57:04,505 [Worker-2: Loading available Gradle versions] INFO  o.e.b.c.i.u.g.PublishedGradleVersions - Gradle version information cache is up-to-date. Trying to read.
2022-04-04 15:57:48,568 [Worker-4: Import Getting Started Content] INFO  o.e.m.c.i.l.LifecycleMappingFactory - Using org.eclipse.m2e.jdt.JarLifecycleMapping lifecycle mapping for MavenProject: com.gitDeveloper3:ems:0.0.1-SNAPSHOT @ /home/dev/Documents/workspace-spring-tool-suite-4-4.14.0.RELEASE/ems/pom.xml.
2022-04-04 15:57:49,956 [Worker-4: Import Getting Started Content] INFO  o.e.m.j.i.AbstractJavaProjectConfigurator - Adding source folder /ems/src/main/java
2022-04-04 15:57:49,957 [Worker-4: Import Getting Started Content] INFO  o.e.m.j.i.AbstractJavaProjectConfigurator - Adding resource folder /ems/src/main/resources
2022-04-04 15:57:49,960 [Worker-4: Import Getting Started Content] INFO  o.e.m.j.i.AbstractJavaProjectConfigurator - Adding resource folder /ems/src/main/resources
2022-04-04 15:57:49,963 [Worker-4: Import Getting Started Content] INFO  o.e.m.j.i.AbstractJavaProjectConfigurator - Adding source folder /ems/src/test/java
2022-04-04 15:57:50,896 [Worker-4: Import Getting Started Content] INFO  o.e.m.c.i.p.ProjectConfigurationManager - Imported and configured 1 project(s) in 4 sec
2022-04-04 15:57:50,902 [Worker-4: Import Getting Started Content] INFO  o.e.m.c.i.p.ProjectConfigurationManager - Update started
2022-04-04 15:57:51,369 [Worker-4: Import Getting Started Content] INFO  o.e.m.c.i.l.LifecycleMappingFactory - Using org.eclipse.m2e.jdt.JarLifecycleMapping lifecycle mapping for MavenProject: com.gitDeveloper3:ems:0.0.1-SNAPSHOT @ /home/dev/Documents/workspace-spring-tool-suite-4-4.14.0.RELEASE/ems/pom.xml.
2022-04-04 15:57:51,988 [Worker-4: Import Getting Started Content] INFO  o.e.m.j.i.AbstractJavaProjectConfigurator - Adding source folder /ems/src/main/java
2022-04-04 15:57:51,989 [Worker-4: Import Getting Started Content] INFO  o.e.m.j.i.AbstractJavaProjectConfigurator - Adding resource folder /ems/src/main/resources
2022-04-04 15:57:51,990 [Worker-4: Import Getting Started Content] INFO  o.e.m.j.i.AbstractJavaProjectConfigurator - Adding resource folder /ems/src/main/resources
2022-04-04 15:57:51,991 [Worker-4: Import Getting Started Content] INFO  o.e.m.j.i.AbstractJavaProjectConfigurator - Adding source folder /ems/src/test/java
2022-04-04 15:57:52,601 [Worker-4: Import Getting Started Content] INFO  o.e.m.c.i.p.ProjectConfigurationManager - Update completed: 1 sec
2022-04-04 15:57:53,352 [Worker-6: Building] INFO  o.e.m.c.i.embedder.EclipseLogger - Using 'UTF-8' encoding to copy filtered resources.
2022-04-04 15:57:53,352 [Worker-6: Building] INFO  o.e.m.c.i.embedder.EclipseLogger - Using 'UTF-8' encoding to copy filtered properties files.
2022-04-04 15:57:53,358 [Worker-6: Building] INFO  o.e.m.c.i.embedder.EclipseLogger - Copying 1 resource
2022-04-04 15:57:53,377 [Worker-6: Building] INFO  o.e.m.c.i.embedder.EclipseLogger - Copying 0 resource
2022-04-04 15:57:53,381 [Worker-6: Building] INFO  o.e.m.c.i.embedder.EclipseLogger - Using 'UTF-8' encoding to copy filtered resources.
2022-04-04 15:57:53,381 [Worker-6: Building] INFO  o.e.m.c.i.embedder.EclipseLogger - Using 'UTF-8' encoding to copy filtered properties files.
2022-04-04 15:57:53,381 [Worker-6: Building] INFO  o.e.m.c.i.embedder.EclipseLogger - skip non existing resourceDirectory /home/dev/Documents/workspace-spring-tool-suite-4-4.14.0.RELEASE/ems/src/test/resources
2022-04-04 15:58:04,778 [Worker-0: Building] INFO  o.e.m.c.i.embedder.EclipseLogger - Using 'UTF-8' encoding to copy filtered resources.
2022-04-04 15:58:04,778 [Worker-0: Building] INFO  o.e.m.c.i.embedder.EclipseLogger - Using 'UTF-8' encoding to copy filtered properties files.
2022-04-04 15:58:04,779 [Worker-0: Building] INFO  o.e.m.c.i.embedder.EclipseLogger - Copying 0 resource
2022-04-04 15:58:04,780 [Worker-0: Building] INFO  o.e.m.c.i.embedder.EclipseLogger - Copying 0 resource
2022-04-04 15:58:04,783 [Worker-0: Building] INFO  o.e.m.c.i.embedder.EclipseLogger - Using 'UTF-8' encoding to copy filtered resources.
2022-04-04 15:58:04,783 [Worker-0: Building] INFO  o.e.m.c.i.embedder.EclipseLogger - Using 'UTF-8' encoding to copy filtered properties files.
2022-04-04 15:58:04,783 [Worker-0: Building] INFO  o.e.m.c.i.embedder.EclipseLogger - skip non existing resourceDirectory /home/dev/Documents/workspace-spring-tool-suite-4-4.14.0.RELEASE/ems/src/test/resources
2022-04-04 15:58:29,639 [Worker-5: Updating Maven Project] INFO  o.e.m.c.i.p.ProjectConfigurationManager - Update started
2022-04-04 15:58:30,132 [Worker-5: Updating Maven Project] INFO  o.e.m.c.i.l.LifecycleMappingFactory - Using org.eclipse.m2e.jdt.JarLifecycleMapping lifecycle mapping for MavenProject: com.gitDeveloper3:ems:0.0.1-SNAPSHOT @ /home/dev/Documents/workspace-spring-tool-suite-4-4.14.0.RELEASE/ems/pom.xml.
2022-04-04 15:58:30,599 [Worker-5: Updating Maven Project] INFO  o.e.m.j.i.AbstractJavaProjectConfigurator - Adding source folder /ems/src/main/java
2022-04-04 15:58:30,599 [Worker-5: Updating Maven Project] INFO  o.e.m.j.i.AbstractJavaProjectConfigurator - Adding resource folder /ems/src/main/resources
2022-04-04 15:58:30,600 [Worker-5: Updating Maven Project] INFO  o.e.m.j.i.AbstractJavaProjectConfigurator - Adding resource folder /ems/src/main/resources
2022-04-04 15:58:30,600 [Worker-5: Updating Maven Project] INFO  o.e.m.j.i.AbstractJavaProjectConfigurator - Adding source folder /ems/src/test/java
2022-04-04 15:58:30,809 [Worker-5: Updating Maven Project] INFO  o.e.m.c.i.p.ProjectConfigurationManager - Update completed: 1 sec
2022-04-04 15:58:31,519 [Worker-2: Building] INFO  o.e.m.c.i.embedder.EclipseLogger - Using 'UTF-8' encoding to copy filtered resources.
2022-04-04 15:58:31,519 [Worker-2: Building] INFO  o.e.m.c.i.embedder.EclipseLogger - Using 'UTF-8' encoding to copy filtered properties files.
2022-04-04 15:58:31,520 [Worker-2: Building] INFO  o.e.m.c.i.embedder.EclipseLogger - Copying 1 resource
2022-04-04 15:58:31,564 [Worker-2: Building] INFO  o.e.m.c.i.embedder.EclipseLogger - Copying 0 resource
2022-04-04 15:58:31,570 [Worker-2: Building] INFO  o.e.m.c.i.embedder.EclipseLogger - Using 'UTF-8' encoding to copy filtered resources.
2022-04-04 15:58:31,571 [Worker-2: Building] INFO  o.e.m.c.i.embedder.EclipseLogger - Using 'UTF-8' encoding to copy filtered properties files.
2022-04-04 15:58:31,571 [Worker-2: Building] INFO  o.e.m.c.i.embedder.EclipseLogger - skip non existing resourceDirectory /home/dev/Documents/workspace-spring-tool-suite-4-4.14.0.RELEASE/ems/src/test/resources
2022-04-04 15:58:57,449 [main] INFO  o.e.m2e.actions.ExecutePomAction - Creating new launch configuration
2022-04-04 15:59:06,482 [Worker-5: Launching ems] INFO  o.e.m.i.launch.MavenLaunchDelegate - /home/dev/Documents/workspace-spring-tool-suite-4-4.14.0.RELEASE/ems
2022-04-04 15:59:06,556 [Worker-5: Launching ems] INFO  o.e.m.i.launch.MavenLaunchDelegate -  mvn -Ppom.xml -B  -Dstyle.color=always
2022-04-04 15:59:45,602 [Worker-2: Updating Maven Project] INFO  o.e.m.c.i.p.ProjectConfigurationManager - Update started
2022-04-04 15:59:46,422 [Worker-2: Updating Maven Project] INFO  o.e.m.c.i.l.LifecycleMappingFactory - Using org.eclipse.m2e.jdt.JarLifecycleMapping lifecycle mapping for MavenProject: com.gitDeveloper3:ems:0.0.1-SNAPSHOT @ /home/dev/Documents/workspace-spring-tool-suite-4-4.14.0.RELEASE/ems/pom.xml.
2022-04-04 15:59:49,143 [Worker-2: Updating Maven Project] INFO  o.e.m.j.i.AbstractJavaProjectConfigurator - Adding source folder /ems/src/main/java
2022-04-04 15:59:49,143 [Worker-2: Updating Maven Project] INFO  o.e.m.j.i.AbstractJavaProjectConfigurator - Adding resource folder /ems/src/main/resources
2022-04-04 15:59:49,144 [Worker-2: Updating Maven Project] INFO  o.e.m.j.i.AbstractJavaProjectConfigurator - Adding resource folder /ems/src/main/resources
2022-04-04 15:59:49,145 [Worker-2: Updating Maven Project] INFO  o.e.m.j.i.AbstractJavaProjectConfigurator - Adding source folder /ems/src/test/java
2022-04-04 15:59:49,399 [Worker-2: Updating Maven Project] INFO  o.e.m.c.i.p.ProjectConfigurationManager - Update completed: 3 sec
2022-04-04 15:59:49,853 [Worker-5: Building] INFO  o.e.m.c.i.embedder.EclipseLogger - Using 'UTF-8' encoding to copy filtered resources.
2022-04-04 15:59:49,854 [Worker-5: Building] INFO  o.e.m.c.i.embedder.EclipseLogger - Using 'UTF-8' encoding to copy filtered properties files.
2022-04-04 15:59:49,854 [Worker-5: Building] INFO  o.e.m.c.i.embedder.EclipseLogger - Copying 1 resource
2022-04-04 15:59:50,017 [Worker-5: Building] INFO  o.e.m.c.i.embedder.EclipseLogger - Copying 0 resource
2022-04-04 15:59:50,021 [Worker-5: Building] INFO  o.e.m.c.i.embedder.EclipseLogger - Using 'UTF-8' encoding to copy filtered resources.
2022-04-04 15:59:50,021 [Worker-5: Building] INFO  o.e.m.c.i.embedder.EclipseLogger - Using 'UTF-8' encoding to copy filtered properties files.
2022-04-04 15:59:50,021 [Worker-5: Building] INFO  o.e.m.c.i.embedder.EclipseLogger - skip non existing resourceDirectory /home/dev/Documents/workspace-spring-tool-suite-4-4.14.0.RELEASE/ems/src/test/resources
2022-04-04 16:00:37,953 [Worker-6: Launching Executing install in _home_dev_Documents_workspace-spring-tool-suite-4-4.14.0.RELEASE_ems] INFO  o.e.m.i.launch.MavenLaunchDelegate - /home/dev/Documents/workspace-spring-tool-suite-4-4.14.0.RELEASE/ems
2022-04-04 16:00:37,954 [Worker-6: Launching Executing install in _home_dev_Documents_workspace-spring-tool-suite-4-4.14.0.RELEASE_ems] INFO  o.e.m.i.launch.MavenLaunchDelegate -  mvn -Ppom.xml -B install -Dstyle.color=always
2022-04-04 16:01:29,231 [Worker-7: Building] INFO  o.e.m.c.i.embedder.EclipseLogger - Using 'UTF-8' encoding to copy filtered resources.
2022-04-04 16:01:29,366 [Worker-7: Building] INFO  o.e.m.c.i.embedder.EclipseLogger - Using 'UTF-8' encoding to copy filtered properties files.
2022-04-04 16:01:29,380 [Worker-7: Building] INFO  o.e.m.c.i.embedder.EclipseLogger - Copying 1 resource
2022-04-04 16:01:29,382 [Worker-7: Building] INFO  o.e.m.c.i.embedder.EclipseLogger - Copying 0 resource
2022-04-04 16:01:29,386 [Worker-7: Building] INFO  o.e.m.c.i.embedder.EclipseLogger - Using 'UTF-8' encoding to copy filtered resources.
2022-04-04 16:01:29,386 [Worker-7: Building] INFO  o.e.m.c.i.embedder.EclipseLogger - Using 'UTF-8' encoding to copy filtered properties files.
2022-04-04 16:01:29,386 [Worker-7: Building] INFO  o.e.m.c.i.embedder.EclipseLogger - skip non existing resourceDirectory /home/dev/Documents/workspace-spring-tool-suite-4-4.14.0.RELEASE/ems/src/test/resources
